[STARTUP] Creating Flask app...
[INIT] Creating Flask instance...
[INIT] Loading config...
[INIT] Enabling CORS...
[INIT] Configuring logging...
[INIT] Registering blueprints...
[INIT] Flask app creation complete
[STARTUP] Flask app created successfully
[STARTUP] Starting server on 127.0.0.1:5002 (debug=True)
 * Tip: There are .env files present. Install python-dotenv to use them.
 * Serving Flask app 'webapp'
 * Debug mode: on
[31m[1mWARNING: This is a development server. Do not use it in a production deployment. Use a production WSGI server instead.[0m
 * Running on http://127.0.0.1:5002
[33mPress CTRL+C to quit[0m
 * Restarting with stat
[STARTUP] Creating Flask app...
[INIT] Creating Flask instance...
[INIT] Loading config...
[INIT] Enabling CORS...
[INIT] Configuring logging...
[INIT] Registering blueprints...
[INIT] Flask app creation complete
[STARTUP] Flask app created successfully
[STARTUP] Starting server on 127.0.0.1:5002 (debug=True)
 * Tip: There are .env files present. Install python-dotenv to use them.
 * Debugger is active!
 * Debugger PIN: 863-532-888
127.0.0.1 - - [02/Sep/2025 16:23:25] "GET /about HTTP/1.1" 200 -
127.0.0.1 - - [02/Sep/2025 16:23:25] "GET /about HTTP/1.1" 200 -
[2025-09-02 16:23:59,623] INFO in routes: [treedata] POST /treedata from 127.0.0.1
[2025-09-02 16:23:59,624] INFO in routes: [treedata] Midpoint rooting: False
[2025-09-02 16:23:59,624] INFO in routes: [treedata] Request files: ['treeFile']
[2025-09-02 16:23:59,624] INFO in routes: [treedata] No MSA file provided
[2025-09-02 16:23:59,624] INFO in tree_processing_service: Processing uploaded file: small_example_copy_3.tree
[2025-09-02 16:23:59,629] INFO in tree_processing_service: Successfully parsed 10 trees
Target split (Crypturellus, Dinornis, ECtinamou, EasternMoa, Gtinamou, lbmoa) not found in tree
Target split (Alligator, BrushTurkey, Caiman, Chicken, Crypturellus, ECtinamou, GaviaStellata, GreatRhea, Gtinamou, LBPenguin, LesserRhea, duck, magpiegoose, oystercatcher, turnstone) not found in tree
Target split (Crypturellus, Dinornis, ECtinamou, EasternMoa, Gtinamou, lbmoa) not found in tree
Target split (Alligator, BrushTurkey, Caiman, Chicken, Crypturellus, Dinornis, ECtinamou, EasternMoa, GaviaStellata, Gtinamou, LBPenguin, duck, lbmoa, magpiegoose, oystercatcher, turnstone) not found in tree
Target split (GreatRhea, LesserRhea, Ostrich) not found in tree
Target split (Alligator, BrushTurkey, Caiman, Chicken, GaviaStellata, GreatRhea, LBPenguin, LesserRhea, Ostrich, duck, magpiegoose, oystercatcher, turnstone) not found in tree
Target split (Alligator, BrushTurkey, Caiman, Chicken, GaviaStellata, LBPenguin, Ostrich, duck, magpiegoose, oystercatcher, turnstone) not found in tree
Target split (Alligator, BrushTurkey, Caiman, Chicken, duck, magpiegoose) not found in tree
Target split (Alligator, BrushTurkey, Caiman, Chicken, GaviaStellata, GreatRhea, LBPenguin, LesserRhea, Ostrich, duck, magpiegoose, oystercatcher, turnstone) not found in tree
Target split (Alligator, BrushTurkey, Caiman, Chicken, Crypturellus, Dinornis, ECtinamou, EasternMoa, GaviaStellata, GreatRhea, Gtinamou, LBPenguin, LesserRhea, duck, lbmoa, magpiegoose, oystercatcher, turnstone) not found in tree
Target split (Alligator, Caiman, GaviaStellata, LBPenguin, oystercatcher, turnstone) not found in tree
Target split (GreatRhea, LesserRhea, Ostrich) not found in tree
Target split (Alligator, BrushTurkey, Caiman, Chicken, GaviaStellata, GreatRhea, LBPenguin, LesserRhea, Ostrich, duck, magpiegoose, oystercatcher, turnstone) not found in tree
Target split (GreatRhea, LesserRhea, Ostrich) not found in tree
Target split (Alligator, BrushTurkey, Caiman, Chicken, GaviaStellata, LBPenguin, duck, magpiegoose, oystercatcher, turnstone) not found in tree
Target split (Alligator, Caiman, GaviaStellata, LBPenguin, oystercatcher, turnstone) not found in tree
Target split (Alligator, Caiman, GaviaStellata, LBPenguin) not found in tree
Target split (Alligator, Caiman, GaviaStellata) not found in tree
Target split (Alligator, BrushTurkey, Caiman, Chicken, Crypturellus, Dinornis, ECtinamou, EasternMoa, GaviaStellata, GreatRhea, Gtinamou, LBPenguin, LesserRhea, duck, lbmoa, magpiegoose, oystercatcher, turnstone) not found in tree
Target split (Crypturellus, Dinornis, ECtinamou, EasternMoa, Gtinamou, lbmoa) not found in tree
[2025-09-02 16:24:01,650] INFO in routes: [treedata] Processed 110 trees
127.0.0.1 - - [02/Sep/2025 16:24:01] "POST /treedata HTTP/1.1" 200 -
 * Detected change in '/Users/berksakalli/Projects/BranchArchitect/brancharchitect/tree_interpolation/subtree_paths/execution/reordering.py', reloading
[SERIALIZE DEBUG] type: <class 'list'>, value: [0, 1, 2, 3, 4, 5, 6, 7, 8, 9, 10, 11, 12, 13, 14, 15, 16, 17, 18, 19, 20, 21, 22, 23]
 * Restarting with stat
[STARTUP] Creating Flask app...
[INIT] Creating Flask instance...
[INIT] Loading config...
[INIT] Enabling CORS...
[INIT] Configuring logging...
[INIT] Registering blueprints...
[INIT] Flask app creation complete
[STARTUP] Flask app created successfully
[STARTUP] Starting server on 127.0.0.1:5002 (debug=True)
 * Tip: There are .env files present. Install python-dotenv to use them.
 * Debugger is active!
 * Debugger PIN: 863-532-888
 * Detected change in '/Users/berksakalli/Projects/BranchArchitect/brancharchitect/tree_interpolation/subtree_paths/execution/reordering.py', reloading
 * Restarting with stat
[STARTUP] Creating Flask app...
[INIT] Creating Flask instance...
[INIT] Loading config...
[INIT] Enabling CORS...
[INIT] Configuring logging...
[INIT] Registering blueprints...
[INIT] Flask app creation complete
[STARTUP] Flask app created successfully
[STARTUP] Starting server on 127.0.0.1:5002 (debug=True)
 * Tip: There are .env files present. Install python-dotenv to use them.
 * Debugger is active!
 * Debugger PIN: 863-532-888
 * Detected change in '/Users/berksakalli/Projects/BranchArchitect/brancharchitect/movie_pipeline/types/tree_pair_solution.py', reloading
 * Restarting with stat
[STARTUP] Creating Flask app...
[INIT] Creating Flask instance...
[INIT] Loading config...
[INIT] Enabling CORS...
[INIT] Configuring logging...
[INIT] Registering blueprints...
[INIT] Flask app creation complete
[STARTUP] Flask app created successfully
[STARTUP] Starting server on 127.0.0.1:5002 (debug=True)
 * Tip: There are .env files present. Install python-dotenv to use them.
 * Debugger is active!
 * Debugger PIN: 863-532-888
